<?xml version="1.0" encoding="UTF-8"?>
<testng-results ignored="0" total="2" passed="2" failed="0" skipped="0">
  <reporter-output>
  </reporter-output>
  <suite started-at="2024-01-18T05:21:50Z" name="Suite" finished-at="2024-01-18T05:22:12Z" duration-ms="22309">
    <groups>
    </groups>
    <test started-at="2024-01-18T05:21:50Z" name="LoginTestCase" finished-at="2024-01-18T05:22:01Z" duration-ms="11662">
      <class name="com.w2a.testcase.LoginTest">
        <test-method signature="loginTest(java.util.Hashtable)[pri:0, instance:com.w2a.testcase.LoginTest@3e5499cc]" started-at="2024-01-18T05:22:00Z" name="loginTest" data-provider="dp" finished-at="2024-01-18T05:22:01Z" duration-ms="1860" status="PASS">
          <params>
            <param index="0">
              <value>
                <![CDATA[{password=nagarajan24, username=nagarajan1719@gmail.com}]]>
              </value>
            </param>
          </params>
          <reporter-output>
          </reporter-output>
        </test-method> <!-- loginTest -->
      </class> <!-- com.w2a.testcase.LoginTest -->
    </test> <!-- LoginTestCase -->
    <test started-at="2024-01-18T05:22:02Z" name="CRMPageTestCase" finished-at="2024-01-18T05:22:12Z" duration-ms="9867">
      <class name="com.w2a.testcase.CRMPageTest">
        <test-method signature="crmPageTest()[pri:0, instance:com.w2a.testcase.CRMPageTest@ea9b7c6]" started-at="2024-01-18T05:22:02Z" name="crmPageTest" finished-at="2024-01-18T05:22:12Z" duration-ms="9852" status="PASS">
          <reporter-output>
          </reporter-output>
        </test-method> <!-- crmPageTest -->
      </class> <!-- com.w2a.testcase.CRMPageTest -->
      <class name="com.w2a.testcase.LoginTest">
        <test-method is-config="true" signature="tearDown()[pri:0, instance:com.w2a.testcase.LoginTest@3e5499cc]" started-at="2024-01-18T05:22:12Z" name="tearDown" finished-at="2024-01-18T05:22:13Z" duration-ms="436" status="PASS">
          <reporter-output>
          </reporter-output>
        </test-method> <!-- tearDown -->
      </class> <!-- com.w2a.testcase.LoginTest -->
    </test> <!-- CRMPageTestCase -->
  </suite> <!-- Suite -->
</testng-results>
